<?xml version="1.0" encoding="UTF-8"?>
<!-- Generated by org.testng.reporters.JUnitXMLReporter -->
<testsuite ignored="0" hostname="EXIPC0143" failures="0" tests="7" name="Default test" time="2.149" errors="0" timestamp="26 Jul 2019 20:24:23 GMT">
  <testcase classname="com.ex2.homluvng.base.ObjectInitialization" name="@BeforeClass startInstance" time="2.081">
    <failure type="org.openqa.selenium.SessionNotCreatedException" message="session not created: Chrome version must be between 70 and 73
  (Driver info: chromedriver=2.45.615291 (ec3682e3c9061c10f26ea9e5cdcf3c53f3f74387),platform=Windows NT 10.0.17134 x86_64) (WARNING: The server did not provide any stacktrace information)
Command duration or timeout: 1.06 seconds
Build info: version: &amp;apos;3.141.59&amp;apos;, revision: &amp;apos;e82be7d358&amp;apos;, time: &amp;apos;2018-11-14T08:17:03&amp;apos;
System info: host: &amp;apos;EXIPC0143&amp;apos;, ip: &amp;apos;10.41.5.97&amp;apos;, os.name: &amp;apos;Windows 10&amp;apos;, os.arch: &amp;apos;amd64&amp;apos;, os.version: &amp;apos;10.0&amp;apos;, java.version: &amp;apos;11.0.2&amp;apos;
Driver info: driver.version: ChromeDriver">
      <![CDATA[org.openqa.selenium.SessionNotCreatedException: session not created: Chrome version must be between 70 and 73
  (Driver info: chromedriver=2.45.615291 (ec3682e3c9061c10f26ea9e5cdcf3c53f3f74387),platform=Windows NT 10.0.17134 x86_64) (WARNING: The server did not provide any stacktrace information)
Command duration or timeout: 1.06 seconds
Build info: version: '3.141.59', revision: 'e82be7d358', time: '2018-11-14T08:17:03'
System info: host: 'EXIPC0143', ip: '10.41.5.97', os.name: 'Windows 10', os.arch: 'amd64', os.version: '10.0', java.version: '11.0.2'
Driver info: driver.version: ChromeDriver
at java.base/jdk.internal.reflect.NativeConstructorAccessorImpl.newInstance0(Native Method)
at java.base/jdk.internal.reflect.NativeConstructorAccessorImpl.newInstance(NativeConstructorAccessorImpl.java:62)
at java.base/jdk.internal.reflect.DelegatingConstructorAccessorImpl.newInstance(DelegatingConstructorAccessorImpl.java:45)
at java.base/java.lang.reflect.Constructor.newInstance(Constructor.java:490)
at org.openqa.selenium.remote.ErrorHandler.createThrowable(ErrorHandler.java:214)
at org.openqa.selenium.remote.ErrorHandler.throwIfResponseFailed(ErrorHandler.java:166)
at org.openqa.selenium.remote.JsonWireProtocolResponse.lambda$errorHandler$0(JsonWireProtocolResponse.java:54)
at org.openqa.selenium.remote.HandshakeResponse.lambda$getResponseFunction$0(HandshakeResponse.java:30)
at org.openqa.selenium.remote.ProtocolHandshake.lambda$createSession$0(ProtocolHandshake.java:126)
at java.base/java.util.stream.ReferencePipeline$3$1.accept(ReferencePipeline.java:195)
at java.base/java.util.Spliterators$ArraySpliterator.tryAdvance(Spliterators.java:958)
at java.base/java.util.stream.ReferencePipeline.forEachWithCancel(ReferencePipeline.java:127)
at java.base/java.util.stream.AbstractPipeline.copyIntoWithCancel(AbstractPipeline.java:502)
at java.base/java.util.stream.AbstractPipeline.copyInto(AbstractPipeline.java:488)
at java.base/java.util.stream.AbstractPipeline.wrapAndCopyInto(AbstractPipeline.java:474)
at java.base/java.util.stream.FindOps$FindOp.evaluateSequential(FindOps.java:150)
at java.base/java.util.stream.AbstractPipeline.evaluate(AbstractPipeline.java:234)
at java.base/java.util.stream.ReferencePipeline.findFirst(ReferencePipeline.java:543)
at org.openqa.selenium.remote.ProtocolHandshake.createSession(ProtocolHandshake.java:128)
at org.openqa.selenium.remote.ProtocolHandshake.createSession(ProtocolHandshake.java:74)
at org.openqa.selenium.remote.HttpCommandExecutor.execute(HttpCommandExecutor.java:136)
at org.openqa.selenium.remote.service.DriverCommandExecutor.execute(DriverCommandExecutor.java:83)
at org.openqa.selenium.remote.RemoteWebDriver.execute(RemoteWebDriver.java:552)
at org.openqa.selenium.remote.RemoteWebDriver.startSession(RemoteWebDriver.java:213)
at org.openqa.selenium.remote.RemoteWebDriver.<init>(RemoteWebDriver.java:131)
at org.openqa.selenium.chrome.ChromeDriver.<init>(ChromeDriver.java:181)
at org.openqa.selenium.chrome.ChromeDriver.<init>(ChromeDriver.java:168)
at org.openqa.selenium.chrome.ChromeDriver.<init>(ChromeDriver.java:123)
at com.ex2.homluvng.base.BaseClass.launchingBrowser(BaseClass.java:49)
at com.ex2.homluvng.base.ObjectInitialization.startInstance(ObjectInitialization.java:59)
at java.base/jdk.internal.reflect.NativeMethodAccessorImpl.invoke0(Native Method)
at java.base/jdk.internal.reflect.NativeMethodAccessorImpl.invoke(NativeMethodAccessorImpl.java:62)
at java.base/jdk.internal.reflect.DelegatingMethodAccessorImpl.invoke(DelegatingMethodAccessorImpl.java:43)
at java.base/java.lang.reflect.Method.invoke(Method.java:566)
at org.testng.internal.MethodInvocationHelper.invokeMethod(MethodInvocationHelper.java:124)
at org.testng.internal.MethodInvocationHelper.invokeMethodConsideringTimeout(MethodInvocationHelper.java:59)
at org.testng.internal.Invoker.invokeConfigurationMethod(Invoker.java:455)
at org.testng.internal.Invoker.invokeConfigurations(Invoker.java:222)
at org.testng.internal.Invoker.invokeConfigurations(Invoker.java:142)
at org.testng.internal.TestMethodWorker.invokeBeforeClassMethods(TestMethodWorker.java:168)
at org.testng.internal.TestMethodWorker.run(TestMethodWorker.java:105)
at org.testng.TestRunner.privateRun(TestRunner.java:648)
at org.testng.TestRunner.run(TestRunner.java:505)
at org.testng.SuiteRunner.runTest(SuiteRunner.java:455)
at org.testng.SuiteRunner.runSequentially(SuiteRunner.java:450)
at org.testng.SuiteRunner.privateRun(SuiteRunner.java:415)
at org.testng.SuiteRunner.run(SuiteRunner.java:364)
at org.testng.SuiteRunnerWorker.runSuite(SuiteRunnerWorker.java:52)
at org.testng.SuiteRunnerWorker.run(SuiteRunnerWorker.java:84)
at org.testng.TestNG.runSuitesSequentially(TestNG.java:1208)
at org.testng.TestNG.runSuitesLocally(TestNG.java:1137)
at org.testng.TestNG.runSuites(TestNG.java:1049)
at org.testng.TestNG.run(TestNG.java:1017)
at org.testng.remote.AbstractRemoteTestNG.run(AbstractRemoteTestNG.java:114)
at org.testng.remote.RemoteTestNG.initAndRun(RemoteTestNG.java:251)
at org.testng.remote.RemoteTestNG.main(RemoteTestNG.java:77)
]]>
    </failure>
  </testcase> <!-- @BeforeClass startInstance -->
  <testcase classname="com.ex2.homluvng.base.ObjectInitialization" name="@BeforeMethod beofreEveryTestcase" time="0.0">
    <skipped/>
  </testcase> <!-- @BeforeMethod beofreEveryTestcase -->
  <testcase classname="com.ex2.homluvng.base.ObjectInitialization" name="@AfterMethod afterEveryTestcase" time="0.0">
    <skipped/>
  </testcase> <!-- @AfterMethod afterEveryTestcase -->
  <testcase classname="com.ex2.homluvng.base.ObjectInitialization" name="@BeforeMethod beofreEveryTestcase" time="0.0">
    <skipped/>
  </testcase> <!-- @BeforeMethod beofreEveryTestcase -->
  <testcase classname="com.ex2.homluvng.base.ObjectInitialization" name="@AfterMethod afterEveryTestcase" time="0.0">
    <skipped/>
  </testcase> <!-- @AfterMethod afterEveryTestcase -->
  <testcase classname="com.ex2.homluvng.base.ObjectInitialization" name="@BeforeMethod beofreEveryTestcase" time="0.0">
    <skipped/>
  </testcase> <!-- @BeforeMethod beofreEveryTestcase -->
  <testcase classname="com.ex2.homluvng.base.ObjectInitialization" name="@AfterMethod afterEveryTestcase" time="0.0">
    <skipped/>
  </testcase> <!-- @AfterMethod afterEveryTestcase -->
  <testcase classname="com.ex2.homluvng.base.ObjectInitialization" name="@BeforeMethod beofreEveryTestcase" time="0.0">
    <skipped/>
  </testcase> <!-- @BeforeMethod beofreEveryTestcase -->
  <testcase classname="com.ex2.homluvng.base.ObjectInitialization" name="@AfterMethod afterEveryTestcase" time="0.0">
    <skipped/>
  </testcase> <!-- @AfterMethod afterEveryTestcase -->
  <testcase classname="com.ex2.homluvng.base.ObjectInitialization" name="@BeforeMethod beofreEveryTestcase" time="0.0">
    <skipped/>
  </testcase> <!-- @BeforeMethod beofreEveryTestcase -->
  <testcase classname="com.ex2.homluvng.base.ObjectInitialization" name="@AfterMethod afterEveryTestcase" time="0.0">
    <skipped/>
  </testcase> <!-- @AfterMethod afterEveryTestcase -->
  <testcase classname="com.ex2.homluvng.base.ObjectInitialization" name="@BeforeMethod beofreEveryTestcase" time="0.0">
    <skipped/>
  </testcase> <!-- @BeforeMethod beofreEveryTestcase -->
  <testcase classname="com.ex2.homluvng.base.ObjectInitialization" name="@AfterMethod afterEveryTestcase" time="0.0">
    <skipped/>
  </testcase> <!-- @AfterMethod afterEveryTestcase -->
  <testcase classname="com.ex2.homluvng.base.ObjectInitialization" name="@BeforeMethod beofreEveryTestcase" time="0.0">
    <skipped/>
  </testcase> <!-- @BeforeMethod beofreEveryTestcase -->
  <testcase classname="com.ex2.homluvng.base.ObjectInitialization" name="@AfterMethod afterEveryTestcase" time="0.0">
    <skipped/>
  </testcase> <!-- @AfterMethod afterEveryTestcase -->
  <testcase classname="com.ex2.homluvng.base.ObjectInitialization" name="@AfterClass tearDown" time="0.0">
    <skipped/>
  </testcase> <!-- @AfterClass tearDown -->
  <testcase classname="com.ex2.homluv.testcases.NLC_Validations" name="nlcvalidationOnHomepage" time="0.0">
    <skipped/>
  </testcase> <!-- nlcvalidationOnHomepage -->
  <testcase classname="com.ex2.homluv.testcases.NLC_Validations" name="validation_On_AdvicePage" time="0.0">
    <skipped/>
  </testcase> <!-- validation_On_AdvicePage -->
  <testcase classname="com.ex2.homluv.testcases.NLC_Validations" name="validation_On_InspirationPage" time="0.0">
    <skipped/>
  </testcase> <!-- validation_On_InspirationPage -->
  <testcase classname="com.ex2.homluv.testcases.NLC_Validations" name="validation_On_LifeStylePage" time="0.0">
    <skipped/>
  </testcase> <!-- validation_On_LifeStylePage -->
  <testcase classname="com.ex2.homluv.testcases.NLC_Validations" name="validation_On_RelationshipPage" time="0.0">
    <skipped/>
  </testcase> <!-- validation_On_RelationshipPage -->
  <testcase classname="com.ex2.homluv.testcases.NLC_Validations" name="validation_On_TrendsPage" time="0.0">
    <skipped/>
  </testcase> <!-- validation_On_TrendsPage -->
  <testcase classname="com.ex2.homluv.testcases.NLC_Validations" name="validation_On_ViewArticlePage" time="0.0">
    <skipped/>
  </testcase> <!-- validation_On_ViewArticlePage -->
</testsuite> <!-- Default test -->
