<?xml version="1.0" encoding="UTF-8"?>
<!-- Generated by org.testng.reporters.JUnitReportReporter -->
<testsuite hostname="EXIPC0143" failures="1" tests="6" name="com.ex2.homluv.testcases.SEO" time="428.401" errors="0" timestamp="03 Feb 2019 05:33:57 GMT" skipped="0">
  <testcase classname="com.ex2.homluv.testcases.SEO" name="validaSEOTagsOn_Advice" time="72.122"/>
  <testcase classname="com.ex2.homluv.testcases.SEO" name="validaSEOTagsOn_Trends" time="69.516">
    <failure message="expected [Learn all about the latest in home dÃ©cor, interior design &amp; products.] but found [Learn all about the latest in home décor, interior design &amp; products.]" type="java.lang.AssertionError">
      <![CDATA[java.lang.AssertionError: expected [Learn all about the latest in home dÃ©cor, interior design & products.] but found [Learn all about the latest in home décor, interior design & products.]
at org.testng.Assert.fail(Assert.java:96)
at org.testng.Assert.failNotEquals(Assert.java:776)
at org.testng.Assert.assertEqualsImpl(Assert.java:137)
at org.testng.Assert.assertEquals(Assert.java:118)
at org.testng.Assert.assertEquals(Assert.java:453)
at org.testng.Assert.assertEquals(Assert.java:463)
at com.ex2.homluvng.or.SEOMetaTags_or.validateExistenceOfDescriptionTag(SEOMetaTags_or.java:110)
at com.ex2.homluv.testcases.SEO.validaSEOTagsOn_Trends(SEO.java:58)
at java.base/jdk.internal.reflect.NativeMethodAccessorImpl.invoke0(Native Method)
at java.base/jdk.internal.reflect.NativeMethodAccessorImpl.invoke(Unknown Source)
at java.base/jdk.internal.reflect.DelegatingMethodAccessorImpl.invoke(Unknown Source)
at java.base/java.lang.reflect.Method.invoke(Unknown Source)
at org.testng.internal.MethodInvocationHelper.invokeMethod(MethodInvocationHelper.java:124)
at org.testng.internal.Invoker.invokeMethod(Invoker.java:580)
at org.testng.internal.Invoker.invokeTestMethod(Invoker.java:716)
at org.testng.internal.Invoker.invokeTestMethods(Invoker.java:988)
at org.testng.internal.TestMethodWorker.invokeTestMethods(TestMethodWorker.java:125)
at org.testng.internal.TestMethodWorker.run(TestMethodWorker.java:109)
at org.testng.TestRunner.privateRun(TestRunner.java:648)
at org.testng.TestRunner.run(TestRunner.java:505)
at org.testng.SuiteRunner.runTest(SuiteRunner.java:455)
at org.testng.SuiteRunner.runSequentially(SuiteRunner.java:450)
at org.testng.SuiteRunner.privateRun(SuiteRunner.java:415)
at org.testng.SuiteRunner.run(SuiteRunner.java:364)
at org.testng.SuiteRunnerWorker.runSuite(SuiteRunnerWorker.java:52)
at org.testng.SuiteRunnerWorker.run(SuiteRunnerWorker.java:84)
at org.testng.TestNG.runSuitesSequentially(TestNG.java:1208)
at org.testng.TestNG.runSuitesLocally(TestNG.java:1137)
at org.testng.TestNG.runSuites(TestNG.java:1049)
at org.testng.TestNG.run(TestNG.java:1017)
at org.testng.remote.AbstractRemoteTestNG.run(AbstractRemoteTestNG.java:114)
at org.testng.remote.RemoteTestNG.initAndRun(RemoteTestNG.java:251)
at org.testng.remote.RemoteTestNG.main(RemoteTestNG.java:77)
]]>
    </failure>
  </testcase> <!-- validaSEOTagsOn_Trends -->
  <testcase classname="com.ex2.homluv.testcases.SEO" name="validaSEOTagsOn_Inspiration" time="73.429"/>
  <testcase classname="com.ex2.homluv.testcases.SEO" name="validaSEOTagsOn_Lifestyle" time="70.258"/>
  <testcase classname="com.ex2.homluv.testcases.SEO" name="validateSEOTagsOn_ViewAllArticlesSection" time="72.044"/>
  <testcase classname="com.ex2.homluv.testcases.SEO" name="validaSEOTagsOn_Relationships" time="71.032"/>
</testsuite> <!-- com.ex2.homluv.testcases.SEO -->
